[2025-07-07T19:18:32.434+0000] {local_task_job_runner.py:123} INFO - ::group::Pre task execution logs
[2025-07-07T19:18:32.477+0000] {taskinstance.py:2631} INFO - Dependencies all met for dep_context=non-requeueable deps ti=<TaskInstance: process_sword_messages.process_sword_messages manual__2025-07-07T19:18:30.694410+00:00 [queued]>
[2025-07-07T19:18:32.489+0000] {taskinstance.py:2631} INFO - Dependencies all met for dep_context=requeueable deps ti=<TaskInstance: process_sword_messages.process_sword_messages manual__2025-07-07T19:18:30.694410+00:00 [queued]>
[2025-07-07T19:18:32.489+0000] {taskinstance.py:2884} INFO - Starting attempt 1 of 2
[2025-07-07T19:18:32.544+0000] {taskinstance.py:2907} INFO - Executing <Task(SparkSubmitOperator): process_sword_messages> on 2025-07-07 19:18:30.694410+00:00
[2025-07-07T19:18:32.552+0000] {logging_mixin.py:190} WARNING - /home/airflow/.local/lib/python3.12/site-packages/airflow/task/task_runner/standard_task_runner.py:70 DeprecationWarning: This process (pid=671) is multi-threaded, use of fork() may lead to deadlocks in the child.
[2025-07-07T19:18:32.551+0000] {standard_task_runner.py:104} INFO - Running: ['airflow', 'tasks', 'run', 'process_sword_messages', 'process_sword_messages', 'manual__2025-07-07T19:18:30.694410+00:00', '--job-id', '112', '--raw', '--subdir', 'DAGS_FOLDER/process_sword_messages.py', '--cfg-path', '/tmp/tmpd8hwmkfh']
[2025-07-07T19:18:32.553+0000] {standard_task_runner.py:72} INFO - Started process 672 to run task
[2025-07-07T19:18:32.554+0000] {standard_task_runner.py:105} INFO - Job 112: Subtask process_sword_messages
[2025-07-07T19:18:32.655+0000] {task_command.py:467} INFO - Running <TaskInstance: process_sword_messages.process_sword_messages manual__2025-07-07T19:18:30.694410+00:00 [running]> on host def911075bab
[2025-07-07T19:18:32.877+0000] {taskinstance.py:3157} INFO - Exporting env vars: AIRFLOW_CTX_DAG_OWNER='airflow' AIRFLOW_CTX_DAG_ID='process_sword_messages' AIRFLOW_CTX_TASK_ID='process_sword_messages' AIRFLOW_CTX_EXECUTION_DATE='2025-07-07T19:18:30.694410+00:00' AIRFLOW_CTX_TRY_NUMBER='1' AIRFLOW_CTX_DAG_RUN_ID='manual__2025-07-07T19:18:30.694410+00:00'
[2025-07-07T19:18:32.878+0000] {taskinstance.py:740} INFO - ::endgroup::
[2025-07-07T19:18:32.962+0000] {base.py:84} INFO - Retrieving connection 'spark-ebsim'
[2025-07-07T19:18:32.964+0000] {spark_submit.py:474} INFO - Spark-Submit cmd: spark-submit --master spark://spark-master:7077 --name arrow-spark --deploy-mode client /opt/bitnami/spark/jobs/sword_processor_job.py --input-file /opt/bitnami/spark/jobs/test_sword_messages.bin
[2025-07-07T19:18:37.305+0000] {spark_submit.py:644} INFO - Traceback (most recent call last):
[2025-07-07T19:18:37.305+0000] {spark_submit.py:644} INFO - File "/opt/bitnami/spark/jobs/sword_processor_job.py", line 8, in <module>
[2025-07-07T19:18:37.309+0000] {spark_submit.py:644} INFO - from simulation_client_pb2 import SimToClient
[2025-07-07T19:18:37.309+0000] {spark_submit.py:644} INFO - File "/opt/bitnami/spark/jobs/simulation_client_pb2.py", line 12, in <module>
[2025-07-07T19:18:37.312+0000] {spark_submit.py:644} INFO - _runtime_version.ValidateProtobufRuntimeVersion(
[2025-07-07T19:18:37.312+0000] {spark_submit.py:644} INFO - File "/home/airflow/.local/lib/python3.12/site-packages/google/protobuf/runtime_version.py", line 106, in ValidateProtobufRuntimeVersion
[2025-07-07T19:18:37.313+0000] {spark_submit.py:644} INFO - _ReportVersionError(
[2025-07-07T19:18:37.313+0000] {spark_submit.py:644} INFO - File "/home/airflow/.local/lib/python3.12/site-packages/google/protobuf/runtime_version.py", line 50, in _ReportVersionError
[2025-07-07T19:18:37.314+0000] {spark_submit.py:644} INFO - raise VersionError(msg)
[2025-07-07T19:18:37.315+0000] {spark_submit.py:644} INFO - google.protobuf.runtime_version.VersionError: Detected mismatched Protobuf Gencode/Runtime major versions when loading simulation_client.proto: gencode 6.31.1 runtime 5.29.4. Same major version is required. See Protobuf version guarantees at https://protobuf.dev/support/cross-version-runtime-guarantee.
[2025-07-07T19:18:37.359+0000] {spark_submit.py:644} INFO - 25/07/07 19:18:37 INFO ShutdownHookManager: Shutdown hook called
[2025-07-07T19:18:37.361+0000] {spark_submit.py:644} INFO - 25/07/07 19:18:37 INFO ShutdownHookManager: Deleting directory /tmp/spark-7ac5de88-9b8f-4f26-acf3-39ffe6e61470
[2025-07-07T19:18:37.398+0000] {taskinstance.py:3336} ERROR - Task failed with exception
Traceback (most recent call last):
  File "/home/airflow/.local/lib/python3.12/site-packages/airflow/models/taskinstance.py", line 776, in _execute_task
    result = _execute_callable(context=context, **execute_callable_kwargs)
             ^^^^^^^^^^^^^^^^^^^^^^^^^^^^^^^^^^^^^^^^^^^^^^^^^^^^^^^^^^^^^
  File "/home/airflow/.local/lib/python3.12/site-packages/airflow/models/taskinstance.py", line 742, in _execute_callable
    return ExecutionCallableRunner(
           ^^^^^^^^^^^^^^^^^^^^^^^^
  File "/home/airflow/.local/lib/python3.12/site-packages/airflow/utils/operator_helpers.py", line 252, in run
    return self.func(*args, **kwargs)
           ^^^^^^^^^^^^^^^^^^^^^^^^^^
  File "/home/airflow/.local/lib/python3.12/site-packages/airflow/models/baseoperator.py", line 424, in wrapper
    return func(self, *args, **kwargs)
           ^^^^^^^^^^^^^^^^^^^^^^^^^^^
  File "/home/airflow/.local/lib/python3.12/site-packages/airflow/providers/apache/spark/operators/spark_submit.py", line 197, in execute
    self._hook.submit(self.application)
  File "/home/airflow/.local/lib/python3.12/site-packages/airflow/providers/apache/spark/hooks/spark_submit.py", line 566, in submit
    raise AirflowException(
airflow.exceptions.AirflowException: Cannot execute: spark-submit --master spark://spark-master:7077 --name arrow-spark --deploy-mode client /opt/bitnami/spark/jobs/sword_processor_job.py --input-file /opt/bitnami/spark/jobs/test_sword_messages.bin. Error code is: 1.
[2025-07-07T19:18:37.428+0000] {taskinstance.py:1242} INFO - Marking task as UP_FOR_RETRY. dag_id=process_sword_messages, task_id=process_sword_messages, run_id=manual__2025-07-07T19:18:30.694410+00:00, execution_date=20250707T191830, start_date=20250707T191832, end_date=20250707T191837
[2025-07-07T19:18:37.544+0000] {taskinstance.py:349} INFO - ::group::Post task execution logs
[2025-07-07T19:18:37.545+0000] {standard_task_runner.py:124} ERROR - Failed to execute job 112 for task process_sword_messages (Cannot execute: spark-submit --master spark://spark-master:7077 --name arrow-spark --deploy-mode client /opt/bitnami/spark/jobs/sword_processor_job.py --input-file /opt/bitnami/spark/jobs/test_sword_messages.bin. Error code is: 1.; 672)
Traceback (most recent call last):
  File "/home/airflow/.local/lib/python3.12/site-packages/airflow/task/task_runner/standard_task_runner.py", line 117, in _start_by_fork
    ret = args.func(args, dag=self.dag)
          ^^^^^^^^^^^^^^^^^^^^^^^^^^^^^
  File "/home/airflow/.local/lib/python3.12/site-packages/airflow/cli/cli_config.py", line 49, in command
    return func(*args, **kwargs)
           ^^^^^^^^^^^^^^^^^^^^^
  File "/home/airflow/.local/lib/python3.12/site-packages/airflow/utils/cli.py", line 116, in wrapper
    return f(*args, **kwargs)
           ^^^^^^^^^^^^^^^^^^
  File "/home/airflow/.local/lib/python3.12/site-packages/airflow/cli/commands/task_command.py", line 483, in task_run
    task_return_code = _run_task_by_selected_method(args, _dag, ti)
                       ^^^^^^^^^^^^^^^^^^^^^^^^^^^^^^^^^^^^^^^^^^^^
  File "/home/airflow/.local/lib/python3.12/site-packages/airflow/cli/commands/task_command.py", line 256, in _run_task_by_selected_method
    return _run_raw_task(args, ti)
           ^^^^^^^^^^^^^^^^^^^^^^^
  File "/home/airflow/.local/lib/python3.12/site-packages/airflow/cli/commands/task_command.py", line 341, in _run_raw_task
    return ti._run_raw_task(
           ^^^^^^^^^^^^^^^^^
  File "/home/airflow/.local/lib/python3.12/site-packages/airflow/utils/session.py", line 97, in wrapper
    return func(*args, session=session, **kwargs)
           ^^^^^^^^^^^^^^^^^^^^^^^^^^^^^^^^^^^^^^
  File "/home/airflow/.local/lib/python3.12/site-packages/airflow/models/taskinstance.py", line 3029, in _run_raw_task
    return _run_raw_task(
           ^^^^^^^^^^^^^^
  File "/home/airflow/.local/lib/python3.12/site-packages/airflow/models/taskinstance.py", line 282, in _run_raw_task
    TaskInstance._execute_task_with_callbacks(
  File "/home/airflow/.local/lib/python3.12/site-packages/airflow/models/taskinstance.py", line 3184, in _execute_task_with_callbacks
    result = self._execute_task(context, task_orig)
             ^^^^^^^^^^^^^^^^^^^^^^^^^^^^^^^^^^^^^^
  File "/home/airflow/.local/lib/python3.12/site-packages/airflow/models/taskinstance.py", line 3208, in _execute_task
    return _execute_task(self, context, task_orig)
           ^^^^^^^^^^^^^^^^^^^^^^^^^^^^^^^^^^^^^^^
  File "/home/airflow/.local/lib/python3.12/site-packages/airflow/models/taskinstance.py", line 776, in _execute_task
    result = _execute_callable(context=context, **execute_callable_kwargs)
             ^^^^^^^^^^^^^^^^^^^^^^^^^^^^^^^^^^^^^^^^^^^^^^^^^^^^^^^^^^^^^
  File "/home/airflow/.local/lib/python3.12/site-packages/airflow/models/taskinstance.py", line 742, in _execute_callable
    return ExecutionCallableRunner(
           ^^^^^^^^^^^^^^^^^^^^^^^^
  File "/home/airflow/.local/lib/python3.12/site-packages/airflow/utils/operator_helpers.py", line 252, in run
    return self.func(*args, **kwargs)
           ^^^^^^^^^^^^^^^^^^^^^^^^^^
  File "/home/airflow/.local/lib/python3.12/site-packages/airflow/models/baseoperator.py", line 424, in wrapper
    return func(self, *args, **kwargs)
           ^^^^^^^^^^^^^^^^^^^^^^^^^^^
  File "/home/airflow/.local/lib/python3.12/site-packages/airflow/providers/apache/spark/operators/spark_submit.py", line 197, in execute
    self._hook.submit(self.application)
  File "/home/airflow/.local/lib/python3.12/site-packages/airflow/providers/apache/spark/hooks/spark_submit.py", line 566, in submit
    raise AirflowException(
airflow.exceptions.AirflowException: Cannot execute: spark-submit --master spark://spark-master:7077 --name arrow-spark --deploy-mode client /opt/bitnami/spark/jobs/sword_processor_job.py --input-file /opt/bitnami/spark/jobs/test_sword_messages.bin. Error code is: 1.
[2025-07-07T19:18:37.653+0000] {local_task_job_runner.py:266} INFO - Task exited with return code 1
[2025-07-07T19:18:37.683+0000] {taskinstance.py:3924} INFO - 0 downstream tasks scheduled from follow-on schedule check
[2025-07-07T19:18:37.719+0000] {local_task_job_runner.py:245} INFO - ::endgroup::
